Started GET "/" for ::1 at 2020-02-27 11:09:39 +0900
Processing by Rails::WelcomeController#index as HTML
  Rendering C:/Ruby25/lib/ruby/gems/2.5.0/gems/railties-5.2.4.1/lib/rails/templates/rails/welcome/index.html.erb
  Rendered C:/Ruby25/lib/ruby/gems/2.5.0/gems/railties-5.2.4.1/lib/rails/templates/rails/welcome/index.html.erb (15.0ms)
Completed 200 OK in 218ms (Views: 118.6ms | ActiveRecord: 0.0ms)


Started GET "/" for ::1 at 2020-02-28 12:58:04 +0900
Processing by Rails::WelcomeController#index as HTML
  Rendering C:/Ruby25/lib/ruby/gems/2.5.0/gems/railties-5.2.4.1/lib/rails/templates/rails/welcome/index.html.erb
  Rendered C:/Ruby25/lib/ruby/gems/2.5.0/gems/railties-5.2.4.1/lib/rails/templates/rails/welcome/index.html.erb (11.3ms)
Completed 200 OK in 198ms (Views: 107.5ms | ActiveRecord: 0.0ms)


Started GET "/" for ::1 at 2020-02-28 13:02:04 +0900
  
SyntaxError (C:/Users/user/sample_app/config/routes.rb:3: syntax error, unexpected ':', expecting keyword_end
  root: 'application#hello'
      ^
C:/Users/user/sample_app/config/routes.rb:4: syntax error, unexpected keyword_end, expecting end-of-input):
  
config/routes.rb:3: syntax error, unexpected ':', expecting keyword_end
config/routes.rb:4: syntax error, unexpected keyword_end, expecting end-of-input
Started GET "/" for ::1 at 2020-02-28 13:03:23 +0900
Processing by ApplicationController#hello as HTML
  Rendering html template
  Rendered html template (0.0ms)
Completed 200 OK in 13ms (Views: 12.3ms | ActiveRecord: 0.0ms)


Started GET "/" for ::1 at 2020-02-28 13:22:45 +0900
Processing by ApplicationController#hello as HTML
  Rendering html template
  Rendered html template (0.1ms)
Completed 200 OK in 2ms (Views: 1.3ms | ActiveRecord: 0.0ms)


Started GET "/" for ::1 at 2020-02-28 13:22:46 +0900
Processing by ApplicationController#hello as HTML
  Rendering html template
  Rendered html template (0.0ms)
Completed 200 OK in 2ms (Views: 1.2ms | ActiveRecord: 0.0ms)


Started GET "/" for ::1 at 2020-02-28 13:28:58 +0900
Processing by ApplicationController#hello as HTML
  Rendering html template
  Rendered html template (0.0ms)
Completed 200 OK in 2ms (Views: 1.0ms | ActiveRecord: 0.0ms)


Started GET "/" for ::1 at 2020-02-28 13:28:59 +0900
Processing by ApplicationController#hello as HTML
  Rendering html template
  Rendered html template (0.0ms)
Completed 200 OK in 1ms (Views: 1.0ms | ActiveRecord: 0.0ms)


Started GET "/" for ::1 at 2020-02-28 13:29:00 +0900
Processing by ApplicationController#hello as HTML
  Rendering html template
  Rendered html template (0.1ms)
Completed 200 OK in 2ms (Views: 1.3ms | ActiveRecord: 0.0ms)


Started GET "/" for ::1 at 2020-02-28 15:03:29 +0900
Processing by ApplicationController#hello as HTML
  Rendering html template
  Rendered html template (0.6ms)
Completed 200 OK in 22ms (Views: 8.1ms | ActiveRecord: 0.0ms)


  [1m[35m (0.2ms)[0m  [1m[34mSELECT sqlite_version(*)[0m
  ↳ bin/rails:4
  [1m[35m (7.3ms)[0m  [1m[35mCREATE TABLE "schema_migrations" ("version" varchar NOT NULL PRIMARY KEY)[0m
  ↳ bin/rails:4
  [1m[35m (4.9ms)[0m  [1m[35mCREATE TABLE "ar_internal_metadata" ("key" varchar NOT NULL PRIMARY KEY, "value" varchar, "created_at" datetime NOT NULL, "updated_at" datetime NOT NULL)[0m
  ↳ bin/rails:4
  [1m[36mActiveRecord::InternalMetadata Load (0.5ms)[0m  [1m[34mSELECT  "ar_internal_metadata".* FROM "ar_internal_metadata" WHERE "ar_internal_metadata"."key" = ? LIMIT ?[0m  [["key", "environment"], ["LIMIT", 1]]
  ↳ bin/rails:4
  [1m[35m (0.1ms)[0m  [1m[36mbegin transaction[0m
  ↳ bin/rails:4
  [1m[36mActiveRecord::InternalMetadata Create (1.7ms)[0m  [1m[32mINSERT INTO "ar_internal_metadata" ("key", "value", "created_at", "updated_at") VALUES (?, ?, ?, ?)[0m  [["key", "environment"], ["value", "development"], ["created_at", "2020-02-28 07:40:52.899565"], ["updated_at", "2020-02-28 07:40:52.899565"]]
  ↳ bin/rails:4
  [1m[35m (3.4ms)[0m  [1m[36mcommit transaction[0m
  ↳ bin/rails:4
  [1m[35m (0.3ms)[0m  [1m[34mSELECT "schema_migrations"."version" FROM "schema_migrations" ORDER BY "schema_migrations"."version" ASC[0m
  ↳ bin/rails:4
